<?xml version="1.0" encoding="UTF-8"?>
<testsuite xmlns:xsi="http://www.w3.org/2001/XMLSchema-instance" xsi:noNamespaceSchemaLocation="https://maven.apache.org/surefire/maven-surefire-plugin/xsd/surefire-test-report-3.0.xsd" version="3.0" name="org.crawler.CrawlerTests" time="1.521" tests="8" errors="0" skipped="0" failures="0">
  <properties>
    <property name="java.specification.version" value="17"/>
    <property name="sun.cpu.isalist" value="amd64"/>
    <property name="sun.jnu.encoding" value="Cp1252"/>
    <property name="java.class.path" value="C:\Users\marap\Documents\Github\application\Crawler\target\test-classes;C:\Users\marap\Documents\Github\application\Crawler\target\classes;C:\Users\marap\.m2\repository\org\json\json\20210307\json-20210307.jar;C:\Users\marap\.m2\repository\org\jsoup\jsoup\1.15.3\jsoup-1.15.3.jar;C:\Users\marap\.m2\repository\com\amazonaws\aws-java-sdk-s3\1.12.300\aws-java-sdk-s3-1.12.300.jar;C:\Users\marap\.m2\repository\com\amazonaws\aws-java-sdk-kms\1.12.300\aws-java-sdk-kms-1.12.300.jar;C:\Users\marap\.m2\repository\com\amazonaws\aws-java-sdk-core\1.12.300\aws-java-sdk-core-1.12.300.jar;C:\Users\marap\.m2\repository\commons-logging\commons-logging\1.1.3\commons-logging-1.1.3.jar;C:\Users\marap\.m2\repository\commons-codec\commons-codec\1.15\commons-codec-1.15.jar;C:\Users\marap\.m2\repository\org\apache\httpcomponents\httpclient\4.5.13\httpclient-4.5.13.jar;C:\Users\marap\.m2\repository\org\apache\httpcomponents\httpcore\4.4.13\httpcore-4.4.13.jar;C:\Users\marap\.m2\repository\software\amazon\ion\ion-java\1.0.2\ion-java-1.0.2.jar;C:\Users\marap\.m2\repository\com\fasterxml\jackson\core\jackson-databind\2.12.6.1\jackson-databind-2.12.6.1.jar;C:\Users\marap\.m2\repository\com\fasterxml\jackson\core\jackson-annotations\2.12.6\jackson-annotations-2.12.6.jar;C:\Users\marap\.m2\repository\com\fasterxml\jackson\core\jackson-core\2.12.6\jackson-core-2.12.6.jar;C:\Users\marap\.m2\repository\com\fasterxml\jackson\dataformat\jackson-dataformat-cbor\2.12.6\jackson-dataformat-cbor-2.12.6.jar;C:\Users\marap\.m2\repository\joda-time\joda-time\2.8.1\joda-time-2.8.1.jar;C:\Users\marap\.m2\repository\com\amazonaws\jmespath-java\1.12.300\jmespath-java-1.12.300.jar;C:\Users\marap\.m2\repository\org\junit\jupiter\junit-jupiter\5.8.2\junit-jupiter-5.8.2.jar;C:\Users\marap\.m2\repository\org\junit\jupiter\junit-jupiter-api\5.8.2\junit-jupiter-api-5.8.2.jar;C:\Users\marap\.m2\repository\org\opentest4j\opentest4j\1.2.0\opentest4j-1.2.0.jar;C:\Users\marap\.m2\repository\org\junit\platform\junit-platform-commons\1.8.2\junit-platform-commons-1.8.2.jar;C:\Users\marap\.m2\repository\org\apiguardian\apiguardian-api\1.1.2\apiguardian-api-1.1.2.jar;C:\Users\marap\.m2\repository\org\junit\jupiter\junit-jupiter-params\5.8.2\junit-jupiter-params-5.8.2.jar;C:\Users\marap\.m2\repository\org\junit\jupiter\junit-jupiter-engine\5.8.2\junit-jupiter-engine-5.8.2.jar;C:\Users\marap\.m2\repository\org\junit\platform\junit-platform-engine\1.8.2\junit-platform-engine-1.8.2.jar;C:\Users\marap\.m2\repository\org\mockito\mockito-core\4.0.0\mockito-core-4.0.0.jar;C:\Users\marap\.m2\repository\net\bytebuddy\byte-buddy\1.11.19\byte-buddy-1.11.19.jar;C:\Users\marap\.m2\repository\net\bytebuddy\byte-buddy-agent\1.11.19\byte-buddy-agent-1.11.19.jar;C:\Users\marap\.m2\repository\org\objenesis\objenesis\3.2\objenesis-3.2.jar;"/>
    <property name="java.vm.vendor" value="Amazon.com Inc."/>
    <property name="sun.arch.data.model" value="64"/>
    <property name="user.variant" value=""/>
    <property name="java.vendor.url" value="https://aws.amazon.com/corretto/"/>
    <property name="user.timezone" value="Atlantic/Canary"/>
    <property name="os.name" value="Windows 11"/>
    <property name="java.vm.specification.version" value="17"/>
    <property name="sun.java.launcher" value="SUN_STANDARD"/>
    <property name="user.country" value="ES"/>
    <property name="sun.boot.library.path" value="C:\Users\marap\.jdks\corretto-17.0.9\bin"/>
    <property name="sun.java.command" value="C:\Users\marap\AppData\Local\Temp\surefire15137956483546356646\surefirebooter-20250116071504994_3.jar C:\Users\marap\AppData\Local\Temp\surefire15137956483546356646 2025-01-16T07-15-04_838-jvmRun1 surefire-20250116071504994_1tmp surefire_0-20250116071504994_2tmp"/>
    <property name="jdk.debug" value="release"/>
    <property name="surefire.test.class.path" value="C:\Users\marap\Documents\Github\application\Crawler\target\test-classes;C:\Users\marap\Documents\Github\application\Crawler\target\classes;C:\Users\marap\.m2\repository\org\json\json\20210307\json-20210307.jar;C:\Users\marap\.m2\repository\org\jsoup\jsoup\1.15.3\jsoup-1.15.3.jar;C:\Users\marap\.m2\repository\com\amazonaws\aws-java-sdk-s3\1.12.300\aws-java-sdk-s3-1.12.300.jar;C:\Users\marap\.m2\repository\com\amazonaws\aws-java-sdk-kms\1.12.300\aws-java-sdk-kms-1.12.300.jar;C:\Users\marap\.m2\repository\com\amazonaws\aws-java-sdk-core\1.12.300\aws-java-sdk-core-1.12.300.jar;C:\Users\marap\.m2\repository\commons-logging\commons-logging\1.1.3\commons-logging-1.1.3.jar;C:\Users\marap\.m2\repository\commons-codec\commons-codec\1.15\commons-codec-1.15.jar;C:\Users\marap\.m2\repository\org\apache\httpcomponents\httpclient\4.5.13\httpclient-4.5.13.jar;C:\Users\marap\.m2\repository\org\apache\httpcomponents\httpcore\4.4.13\httpcore-4.4.13.jar;C:\Users\marap\.m2\repository\software\amazon\ion\ion-java\1.0.2\ion-java-1.0.2.jar;C:\Users\marap\.m2\repository\com\fasterxml\jackson\core\jackson-databind\2.12.6.1\jackson-databind-2.12.6.1.jar;C:\Users\marap\.m2\repository\com\fasterxml\jackson\core\jackson-annotations\2.12.6\jackson-annotations-2.12.6.jar;C:\Users\marap\.m2\repository\com\fasterxml\jackson\core\jackson-core\2.12.6\jackson-core-2.12.6.jar;C:\Users\marap\.m2\repository\com\fasterxml\jackson\dataformat\jackson-dataformat-cbor\2.12.6\jackson-dataformat-cbor-2.12.6.jar;C:\Users\marap\.m2\repository\joda-time\joda-time\2.8.1\joda-time-2.8.1.jar;C:\Users\marap\.m2\repository\com\amazonaws\jmespath-java\1.12.300\jmespath-java-1.12.300.jar;C:\Users\marap\.m2\repository\org\junit\jupiter\junit-jupiter\5.8.2\junit-jupiter-5.8.2.jar;C:\Users\marap\.m2\repository\org\junit\jupiter\junit-jupiter-api\5.8.2\junit-jupiter-api-5.8.2.jar;C:\Users\marap\.m2\repository\org\opentest4j\opentest4j\1.2.0\opentest4j-1.2.0.jar;C:\Users\marap\.m2\repository\org\junit\platform\junit-platform-commons\1.8.2\junit-platform-commons-1.8.2.jar;C:\Users\marap\.m2\repository\org\apiguardian\apiguardian-api\1.1.2\apiguardian-api-1.1.2.jar;C:\Users\marap\.m2\repository\org\junit\jupiter\junit-jupiter-params\5.8.2\junit-jupiter-params-5.8.2.jar;C:\Users\marap\.m2\repository\org\junit\jupiter\junit-jupiter-engine\5.8.2\junit-jupiter-engine-5.8.2.jar;C:\Users\marap\.m2\repository\org\junit\platform\junit-platform-engine\1.8.2\junit-platform-engine-1.8.2.jar;C:\Users\marap\.m2\repository\org\mockito\mockito-core\4.0.0\mockito-core-4.0.0.jar;C:\Users\marap\.m2\repository\net\bytebuddy\byte-buddy\1.11.19\byte-buddy-1.11.19.jar;C:\Users\marap\.m2\repository\net\bytebuddy\byte-buddy-agent\1.11.19\byte-buddy-agent-1.11.19.jar;C:\Users\marap\.m2\repository\org\objenesis\objenesis\3.2\objenesis-3.2.jar;"/>
    <property name="sun.cpu.endian" value="little"/>
    <property name="user.home" value="C:\Users\marap"/>
    <property name="user.language" value="es"/>
    <property name="java.specification.vendor" value="Oracle Corporation"/>
    <property name="java.version.date" value="2023-10-17"/>
    <property name="java.home" value="C:\Users\marap\.jdks\corretto-17.0.9"/>
    <property name="file.separator" value="\"/>
    <property name="basedir" value="C:\Users\marap\Documents\Github\application\Crawler"/>
    <property name="java.vm.compressedOopsMode" value="Zero based"/>
    <property name="line.separator" value="&#10;"/>
    <property name="java.vm.specification.vendor" value="Oracle Corporation"/>
    <property name="java.specification.name" value="Java Platform API Specification"/>
    <property name="surefire.real.class.path" value="C:\Users\marap\AppData\Local\Temp\surefire15137956483546356646\surefirebooter-20250116071504994_3.jar"/>
    <property name="user.script" value=""/>
    <property name="sun.management.compiler" value="HotSpot 64-Bit Tiered Compilers"/>
    <property name="java.runtime.version" value="17.0.9+8-LTS"/>
    <property name="user.name" value="marap"/>
    <property name="path.separator" value=";"/>
    <property name="os.version" value="10.0"/>
    <property name="java.runtime.name" value="OpenJDK Runtime Environment"/>
    <property name="file.encoding" value="Cp1252"/>
    <property name="java.vm.name" value="OpenJDK 64-Bit Server VM"/>
    <property name="java.vendor.version" value="Corretto-17.0.9.8.1"/>
    <property name="localRepository" value="C:\Users\marap\.m2\repository"/>
    <property name="java.vendor.url.bug" value="https://github.com/corretto/corretto-17/issues/"/>
    <property name="java.io.tmpdir" value="C:\Users\marap\AppData\Local\Temp\"/>
    <property name="idea.version" value="2023.2.2"/>
    <property name="java.version" value="17.0.9"/>
    <property name="user.dir" value="C:\Users\marap\Documents\Github\application\Crawler"/>
    <property name="os.arch" value="amd64"/>
    <property name="java.vm.specification.name" value="Java Virtual Machine Specification"/>
    <property name="sun.os.patch.level" value=""/>
    <property name="native.encoding" value="Cp1252"/>
    <property name="java.library.path" value="C:\Users\marap\.jdks\corretto-17.0.9\bin;C:\Windows\Sun\Java\bin;C:\Windows\system32;C:\Windows;C:\Program Files\Common Files\Oracle\Java\javapath;C:\Program Files (x86)\Common Files\Oracle\Java\javapath;C:\Windows\system32;C:\Windows;C:\Windows\System32\Wbem;C:\Windows\System32\WindowsPowerShell\v1.0\;C:\Windows\System32\OpenSSH\;C:\Program Files (x86)\NVIDIA Corporation\PhysX\Common;C:\Program Files\NVIDIA Corporation\NVIDIA NvDLISR;C:\TDM-GCC-64\bin;C:\Program Files\Git\cmd;C:\Program Files\AutoFirma\AutoFirma;C:\Program Files\Amazon\AWSCLIV2\;C:\Users\marap\AppData\Local\Programs\Python\Python311\Scripts\;C:\Users\marap\AppData\Local\Programs\Python\Python311\;C:\Users\marap\AppData\Local\Microsoft\WindowsApps;C:\Users\marap\AppData\Local\Microsoft VS Code\bin;C:\Users\marap\miniconda3\pkgs\pip-23.2.1-py311haa95532_0\Lib\site-packages\pip\_vendor\rich\jupyter.py;C:\Program Files (x86)\SSH Communications Security\SSH Secure Shell;C:\Users\marap\.cache\lm-studio\bin;."/>
    <property name="java.vm.info" value="mixed mode, sharing"/>
    <property name="java.vendor" value="Amazon.com Inc."/>
    <property name="java.vm.version" value="17.0.9+8-LTS"/>
    <property name="sun.io.unicode.encoding" value="UnicodeLittle"/>
    <property name="java.class.version" value="61.0"/>
  </properties>
  <testcase name="testHandleDownloadSuccess" classname="org.crawler.CrawlerTests" time="1.37"/>
  <testcase name="testGutenbergDownloadHandlerLanguageFilter" classname="org.crawler.CrawlerTests" time="0.004"/>
  <testcase name="testHandleDownloadFailure" classname="org.crawler.CrawlerTests" time="0.008"/>
  <testcase name="testAWSWriterWrite" classname="org.crawler.CrawlerTests" time="0.018"/>
  <testcase name="testAWSWriterWriteFailure" classname="org.crawler.CrawlerTests" time="0.004"/>
  <testcase name="testBookControllerDownloadBooksPartialFailure" classname="org.crawler.CrawlerTests" time="0.035">
    <system-out><![CDATA[Download: 1
]]></system-out>
    <system-err><![CDATA[Error downloading book with ID 2: Download error
]]></system-err>
  </testcase>
  <testcase name="testGutenbergDownloadHandlerDownload" classname="org.crawler.CrawlerTests" time="0.024"/>
  <testcase name="testBookControllerDownloadBooksSuccess" classname="org.crawler.CrawlerTests" time="0.011">
    <system-out><![CDATA[Download: 1
]]></system-out>
  </testcase>
</testsuite>